<?xml version="1.0" encoding="UTF-8"?>
<!-- Generated by org.testng.reporters.JUnitXMLReporter -->
<testsuite ignored="0" hostname="DESKTOP-BQIV6DO" failures="1" tests="5" name="FireFox" time="12.566" errors="0" timestamp="11 Apr 2023 09:41:51 GMT">
  <testcase classname="testngexample.ActiTime" name="c_createTask" time="0.028"/>
  <testcase classname="testngexample.ActiTime" name="d_logoutClose" time="0.005"/>
  <testcase classname="testngexample.ActiTime" name="b_login" time="0.054">
    <failure type="java.lang.NullPointerException" message="Cannot invoke &amp;quot;org.openqa.selenium.WebDriver.findElement(org.openqa.selenium.By)&amp;quot; because &amp;quot;testngexample.ActiTime.driver&amp;quot; is null">
      <![CDATA[java.lang.NullPointerException: Cannot invoke "org.openqa.selenium.WebDriver.findElement(org.openqa.selenium.By)" because "testngexample.ActiTime.driver" is null
at testngexample.ActiTime.b_login(ActiTime.java:21)
at java.base/java.util.concurrent.ThreadPoolExecutor.runWorker(ThreadPoolExecutor.java:1144)
at java.base/java.util.concurrent.ThreadPoolExecutor$Worker.run(ThreadPoolExecutor.java:642)
at java.base/java.lang.Thread.run(Thread.java:1589)
... Removed 8 stack frames]]>
    </failure>
  </testcase> <!-- b_login -->
  <testcase classname="advancedtestng.ParallelTestExecution" name="testLoginOfVtiger" time="11.304"/>
  <testcase classname="testngexample.ActiTime" name="a_openBrowserAndAppURL" time="12.51"/>
</testsuite> <!-- FireFox -->
