<?xml version="1.0" encoding="UTF-8"?>
<!-- Generated by org.testng.reporters.JUnitXMLReporter -->
<testsuite ignored="0" hostname="DESKTOP-BQIV6DO" failures="0" tests="11" name="Test" time="31.977" errors="0" timestamp="19 Apr 2023 08:36:56 GMT">
  <testcase classname="testngexample.Example1" name="TC" time="0.032"/>
  <testcase classname="testngexample.FirstTestNgWebScript" name="testCase1" time="7.056"/>
  <testcase classname="testngexample.GoogleAppWithBeforeAfterMethod" name="testGoogleLandingPage" time="0.012"/>
  <testcase classname="testngexample.GoogleAppWithBeforeAfterMethod" name="testSearch" time="5.45"/>
  <testcase classname="testngexample.ActiTimeExceptionAndTimeout" name="divideByZeroExample1" time="0.005"/>
  <testcase classname="testngexample.ActiTimeExceptionAndTimeout" name="executetimeOut" time="0.058"/>
  <testcase classname="testngexample.ActiTime" name="a_openBrowserAndAppURL" time="9.654"/>
  <testcase classname="testngexample.ActiTime" name="b_login" time="0.262"/>
  <testcase classname="testngexample.ActiTime" name="c_createTask" time="0.007"/>
  <testcase classname="testngexample.ActiTime" name="d_logoutClose" time="0.001"/>
  <testcase classname="testngexample.ActiTimeTimeOut" name="openBrowserAndAppURL" time="1.827"/>
</testsuite> <!-- Test -->
