<?xml version="1.0" encoding="UTF-8"?>
<testng-results ignored="0" total="11" passed="11" failed="0" skipped="0">
  <reporter-output>
  </reporter-output>
  <suite started-at="2023-04-19T08:36:24Z" name="Suite" finished-at="2023-04-19T08:36:56Z" duration-ms="31977">
    <groups>
    </groups>
    <test started-at="2023-04-19T08:36:24Z" name="Test" finished-at="2023-04-19T08:36:56Z" duration-ms="31977">
      <class name="testngexample.ActiTimeExceptionAndTimeout">
        <test-method signature="divideByZeroExample1()[pri:0, instance:testngexample.ActiTimeExceptionAndTimeout@247310d0]" started-at="2023-04-19T08:36:44Z" name="divideByZeroExample1" finished-at="2023-04-19T08:36:44Z" duration-ms="5" status="PASS">
          <exception class="java.lang.ArithmeticException">
            <message>
              <![CDATA[/ by zero]]>
            </message>
            <full-stacktrace>
              <![CDATA[java.lang.ArithmeticException: / by zero
at testngexample.ActiTimeExceptionAndTimeout.divideByZeroExample1(ActiTimeExceptionAndTimeout.java:13)
at java.base/jdk.internal.reflect.DirectMethodHandleAccessor.invoke(DirectMethodHandleAccessor.java:104)
at java.base/java.lang.reflect.Method.invoke(Method.java:578)
at org.testng.internal.MethodInvocationHelper.invokeMethod(MethodInvocationHelper.java:124)
at org.testng.internal.Invoker.invokeMethod(Invoker.java:583)
at org.testng.internal.Invoker.invokeTestMethod(Invoker.java:719)
at org.testng.internal.Invoker.invokeTestMethods(Invoker.java:989)
at org.testng.internal.TestMethodWorker.invokeTestMethods(TestMethodWorker.java:125)
at org.testng.internal.TestMethodWorker.run(TestMethodWorker.java:109)
at org.testng.TestRunner.privateRun(TestRunner.java:648)
at org.testng.TestRunner.run(TestRunner.java:505)
at org.testng.SuiteRunner.runTest(SuiteRunner.java:455)
at org.testng.SuiteRunner.runSequentially(SuiteRunner.java:450)
at org.testng.SuiteRunner.privateRun(SuiteRunner.java:415)
at org.testng.SuiteRunner.run(SuiteRunner.java:364)
at org.testng.SuiteRunnerWorker.runSuite(SuiteRunnerWorker.java:52)
at org.testng.SuiteRunnerWorker.run(SuiteRunnerWorker.java:84)
at org.testng.TestNG.runSuitesSequentially(TestNG.java:1208)
at org.testng.TestNG.runSuitesLocally(TestNG.java:1137)
at org.testng.TestNG.runSuites(TestNG.java:1049)
at org.testng.TestNG.run(TestNG.java:1017)
at org.testng.remote.AbstractRemoteTestNG.run(AbstractRemoteTestNG.java:115)
at org.testng.remote.RemoteTestNG.initAndRun(RemoteTestNG.java:251)
at org.testng.remote.RemoteTestNG.main(RemoteTestNG.java:77)
]]>
            </full-stacktrace>
          </exception> <!-- java.lang.ArithmeticException -->
          <reporter-output>
          </reporter-output>
        </test-method> <!-- divideByZeroExample1 -->
        <test-method signature="executetimeOut()[pri:0, instance:testngexample.ActiTimeExceptionAndTimeout@247310d0]" started-at="2023-04-19T08:36:44Z" name="executetimeOut" finished-at="2023-04-19T08:36:44Z" duration-ms="58" status="PASS">
          <reporter-output>
          </reporter-output>
        </test-method> <!-- executetimeOut -->
      </class> <!-- testngexample.ActiTimeExceptionAndTimeout -->
      <class name="testngexample.FirstTestNgWebScript">
        <test-method signature="testCase1()[pri:0, instance:testngexample.FirstTestNgWebScript@6be968ce]" started-at="2023-04-19T08:36:24Z" name="testCase1" finished-at="2023-04-19T08:36:31Z" duration-ms="7056" status="PASS">
          <reporter-output>
          </reporter-output>
        </test-method> <!-- testCase1 -->
      </class> <!-- testngexample.FirstTestNgWebScript -->
      <class name="testngexample.ActiTime">
        <test-method signature="a_openBrowserAndAppURL()[pri:0, instance:testngexample.ActiTime@303cf2ba]" started-at="2023-04-19T08:36:44Z" name="a_openBrowserAndAppURL" finished-at="2023-04-19T08:36:54Z" duration-ms="9654" status="PASS">
          <reporter-output>
          </reporter-output>
        </test-method> <!-- a_openBrowserAndAppURL -->
        <test-method signature="b_login()[pri:0, instance:testngexample.ActiTime@303cf2ba]" started-at="2023-04-19T08:36:54Z" name="b_login" finished-at="2023-04-19T08:36:54Z" duration-ms="262" status="PASS">
          <reporter-output>
          </reporter-output>
        </test-method> <!-- b_login -->
        <test-method signature="c_createTask()[pri:0, instance:testngexample.ActiTime@303cf2ba]" started-at="2023-04-19T08:36:54Z" name="c_createTask" finished-at="2023-04-19T08:36:54Z" duration-ms="7" status="PASS">
          <reporter-output>
          </reporter-output>
        </test-method> <!-- c_createTask -->
        <test-method signature="d_logoutClose()[pri:0, instance:testngexample.ActiTime@303cf2ba]" started-at="2023-04-19T08:36:54Z" name="d_logoutClose" finished-at="2023-04-19T08:36:54Z" duration-ms="1" status="PASS">
          <reporter-output>
          </reporter-output>
        </test-method> <!-- d_logoutClose -->
      </class> <!-- testngexample.ActiTime -->
      <class name="testngexample.ActiTimeTimeOut">
        <test-method signature="openBrowserAndAppURL()[pri:1, instance:testngexample.ActiTimeTimeOut@59402b8f]" started-at="2023-04-19T08:36:54Z" name="openBrowserAndAppURL" finished-at="2023-04-19T08:36:56Z" duration-ms="1827" status="PASS">
          <reporter-output>
          </reporter-output>
        </test-method> <!-- openBrowserAndAppURL -->
      </class> <!-- testngexample.ActiTimeTimeOut -->
      <class name="testngexample.Example1">
        <test-method signature="TC()[pri:0, instance:testngexample.Example1@7188af83]" started-at="2023-04-19T08:36:24Z" name="TC" finished-at="2023-04-19T08:36:24Z" duration-ms="32" status="PASS">
          <reporter-output>
          </reporter-output>
        </test-method> <!-- TC -->
      </class> <!-- testngexample.Example1 -->
      <class name="testngexample.GoogleAppWithBeforeAfterMethod">
        <test-method is-config="true" signature="startUp()[pri:0, instance:testngexample.GoogleAppWithBeforeAfterMethod@7c37508a]" started-at="2023-04-19T08:36:31Z" name="startUp" finished-at="2023-04-19T08:36:35Z" duration-ms="3656" status="PASS">
          <reporter-output>
          </reporter-output>
        </test-method> <!-- startUp -->
        <test-method signature="testGoogleLandingPage()[pri:0, instance:testngexample.GoogleAppWithBeforeAfterMethod@7c37508a]" started-at="2023-04-19T08:36:35Z" name="testGoogleLandingPage" finished-at="2023-04-19T08:36:35Z" duration-ms="12" status="PASS">
          <reporter-output>
          </reporter-output>
        </test-method> <!-- testGoogleLandingPage -->
        <test-method is-config="true" signature="tearDown()[pri:0, instance:testngexample.GoogleAppWithBeforeAfterMethod@7c37508a]" started-at="2023-04-19T08:36:35Z" name="tearDown" finished-at="2023-04-19T08:36:35Z" duration-ms="267" status="PASS">
          <reporter-output>
          </reporter-output>
        </test-method> <!-- tearDown -->
        <test-method is-config="true" signature="startUp()[pri:0, instance:testngexample.GoogleAppWithBeforeAfterMethod@7c37508a]" started-at="2023-04-19T08:36:35Z" name="startUp" finished-at="2023-04-19T08:36:39Z" duration-ms="3314" status="PASS">
          <reporter-output>
          </reporter-output>
        </test-method> <!-- startUp -->
        <test-method signature="testSearch()[pri:0, instance:testngexample.GoogleAppWithBeforeAfterMethod@7c37508a]" started-at="2023-04-19T08:36:39Z" name="testSearch" finished-at="2023-04-19T08:36:44Z" duration-ms="5450" status="PASS">
          <reporter-output>
          </reporter-output>
        </test-method> <!-- testSearch -->
        <test-method is-config="true" signature="tearDown()[pri:0, instance:testngexample.GoogleAppWithBeforeAfterMethod@7c37508a]" started-at="2023-04-19T08:36:44Z" name="tearDown" finished-at="2023-04-19T08:36:44Z" duration-ms="259" status="PASS">
          <reporter-output>
          </reporter-output>
        </test-method> <!-- tearDown -->
      </class> <!-- testngexample.GoogleAppWithBeforeAfterMethod -->
    </test> <!-- Test -->
  </suite> <!-- Suite -->
</testng-results>
