<?xml version="1.0" encoding="UTF-8"?>
<testng-results ignored="0" total="11" passed="11" failed="0" skipped="0">
  <reporter-output>
  </reporter-output>
  <suite started-at="2023-04-19T09:36:24Z" name="Suite" finished-at="2023-04-19T09:36:57Z" duration-ms="33736">
    <groups>
    </groups>
    <test started-at="2023-04-19T09:36:24Z" name="Test" finished-at="2023-04-19T09:36:57Z" duration-ms="33736">
      <class name="testngexample.ActiTimeExceptionAndTimeout">
        <test-method signature="divideByZeroExample1()[pri:0, instance:testngexample.ActiTimeExceptionAndTimeout@5890e879]" started-at="2023-04-19T09:36:45Z" name="divideByZeroExample1" finished-at="2023-04-19T09:36:45Z" duration-ms="0" status="PASS">
          <exception class="java.lang.ArithmeticException">
            <message>
              <![CDATA[/ by zero]]>
            </message>
            <full-stacktrace>
              <![CDATA[java.lang.ArithmeticException: / by zero
at testngexample.ActiTimeExceptionAndTimeout.divideByZeroExample1(ActiTimeExceptionAndTimeout.java:13)
at java.base/jdk.internal.reflect.NativeMethodAccessorImpl.invoke0(Native Method)
at java.base/jdk.internal.reflect.NativeMethodAccessorImpl.invoke(NativeMethodAccessorImpl.java:77)
at java.base/jdk.internal.reflect.DelegatingMethodAccessorImpl.invoke(DelegatingMethodAccessorImpl.java:43)
at java.base/java.lang.reflect.Method.invoke(Method.java:568)
at org.testng.internal.MethodInvocationHelper.invokeMethod(MethodInvocationHelper.java:124)
at org.testng.internal.Invoker.invokeMethod(Invoker.java:583)
at org.testng.internal.Invoker.invokeTestMethod(Invoker.java:719)
at org.testng.internal.Invoker.invokeTestMethods(Invoker.java:989)
at org.testng.internal.TestMethodWorker.invokeTestMethods(TestMethodWorker.java:125)
at org.testng.internal.TestMethodWorker.run(TestMethodWorker.java:109)
at org.testng.TestRunner.privateRun(TestRunner.java:648)
at org.testng.TestRunner.run(TestRunner.java:505)
at org.testng.SuiteRunner.runTest(SuiteRunner.java:455)
at org.testng.SuiteRunner.runSequentially(SuiteRunner.java:450)
at org.testng.SuiteRunner.privateRun(SuiteRunner.java:415)
at org.testng.SuiteRunner.run(SuiteRunner.java:364)
at org.testng.SuiteRunnerWorker.runSuite(SuiteRunnerWorker.java:52)
at org.testng.SuiteRunnerWorker.run(SuiteRunnerWorker.java:84)
at org.testng.TestNG.runSuitesSequentially(TestNG.java:1208)
at org.testng.TestNG.runSuitesLocally(TestNG.java:1137)
at org.testng.TestNG.runSuites(TestNG.java:1049)
at org.testng.TestNG.run(TestNG.java:1017)
at org.apache.maven.surefire.testng.TestNGExecutor.run(TestNGExecutor.java:308)
at org.apache.maven.surefire.testng.TestNGXmlTestSuite.execute(TestNGXmlTestSuite.java:71)
at org.apache.maven.surefire.testng.TestNGProvider.invoke(TestNGProvider.java:113)
at org.apache.maven.surefire.booter.ForkedBooter.runSuitesInProcess(ForkedBooter.java:385)
at org.apache.maven.surefire.booter.ForkedBooter.execute(ForkedBooter.java:162)
at org.apache.maven.surefire.booter.ForkedBooter.run(ForkedBooter.java:507)
at org.apache.maven.surefire.booter.ForkedBooter.main(ForkedBooter.java:495)
]]>
            </full-stacktrace>
          </exception> <!-- java.lang.ArithmeticException -->
          <reporter-output>
          </reporter-output>
        </test-method> <!-- divideByZeroExample1 -->
        <test-method signature="executetimeOut()[pri:0, instance:testngexample.ActiTimeExceptionAndTimeout@5890e879]" started-at="2023-04-19T09:36:45Z" name="executetimeOut" finished-at="2023-04-19T09:36:45Z" duration-ms="8" status="PASS">
          <reporter-output>
          </reporter-output>
        </test-method> <!-- executetimeOut -->
      </class> <!-- testngexample.ActiTimeExceptionAndTimeout -->
      <class name="testngexample.FirstTestNgWebScript">
        <test-method signature="testCase1()[pri:0, instance:testngexample.FirstTestNgWebScript@7e057f43]" started-at="2023-04-19T09:36:24Z" name="testCase1" finished-at="2023-04-19T09:36:34Z" duration-ms="10048" status="PASS">
          <reporter-output>
          </reporter-output>
        </test-method> <!-- testCase1 -->
      </class> <!-- testngexample.FirstTestNgWebScript -->
      <class name="testngexample.ActiTime">
        <test-method signature="a_openBrowserAndAppURL()[pri:0, instance:testngexample.ActiTime@31ea9581]" started-at="2023-04-19T09:36:45Z" name="a_openBrowserAndAppURL" finished-at="2023-04-19T09:36:55Z" duration-ms="10801" status="PASS">
          <reporter-output>
          </reporter-output>
        </test-method> <!-- a_openBrowserAndAppURL -->
        <test-method signature="b_login()[pri:0, instance:testngexample.ActiTime@31ea9581]" started-at="2023-04-19T09:36:55Z" name="b_login" finished-at="2023-04-19T09:36:56Z" duration-ms="220" status="PASS">
          <reporter-output>
          </reporter-output>
        </test-method> <!-- b_login -->
        <test-method signature="c_createTask()[pri:0, instance:testngexample.ActiTime@31ea9581]" started-at="2023-04-19T09:36:56Z" name="c_createTask" finished-at="2023-04-19T09:36:56Z" duration-ms="1" status="PASS">
          <reporter-output>
          </reporter-output>
        </test-method> <!-- c_createTask -->
        <test-method signature="d_logoutClose()[pri:0, instance:testngexample.ActiTime@31ea9581]" started-at="2023-04-19T09:36:56Z" name="d_logoutClose" finished-at="2023-04-19T09:36:56Z" duration-ms="1" status="PASS">
          <reporter-output>
          </reporter-output>
        </test-method> <!-- d_logoutClose -->
      </class> <!-- testngexample.ActiTime -->
      <class name="testngexample.ActiTimeTimeOut">
        <test-method signature="openBrowserAndAppURL()[pri:1, instance:testngexample.ActiTimeTimeOut@268f106e]" started-at="2023-04-19T09:36:56Z" name="openBrowserAndAppURL" finished-at="2023-04-19T09:36:57Z" duration-ms="1804" status="PASS">
          <reporter-output>
          </reporter-output>
        </test-method> <!-- openBrowserAndAppURL -->
      </class> <!-- testngexample.ActiTimeTimeOut -->
      <class name="testngexample.Example1">
        <test-method signature="TC()[pri:0, instance:testngexample.Example1@6e9a5ed8]" started-at="2023-04-19T09:36:24Z" name="TC" finished-at="2023-04-19T09:36:24Z" duration-ms="13" status="PASS">
          <reporter-output>
          </reporter-output>
        </test-method> <!-- TC -->
      </class> <!-- testngexample.Example1 -->
      <class name="testngexample.GoogleAppWithBeforeAfterMethod">
        <test-method is-config="true" signature="startUp()[pri:0, instance:testngexample.GoogleAppWithBeforeAfterMethod@6c284af]" started-at="2023-04-19T09:36:34Z" name="startUp" finished-at="2023-04-19T09:36:38Z" duration-ms="3766" status="PASS">
          <reporter-output>
          </reporter-output>
        </test-method> <!-- startUp -->
        <test-method signature="testGoogleLandingPage()[pri:0, instance:testngexample.GoogleAppWithBeforeAfterMethod@6c284af]" started-at="2023-04-19T09:36:38Z" name="testGoogleLandingPage" finished-at="2023-04-19T09:36:38Z" duration-ms="9" status="PASS">
          <reporter-output>
          </reporter-output>
        </test-method> <!-- testGoogleLandingPage -->
        <test-method is-config="true" signature="tearDown()[pri:0, instance:testngexample.GoogleAppWithBeforeAfterMethod@6c284af]" started-at="2023-04-19T09:36:38Z" name="tearDown" finished-at="2023-04-19T09:36:38Z" duration-ms="105" status="PASS">
          <reporter-output>
          </reporter-output>
        </test-method> <!-- tearDown -->
        <test-method is-config="true" signature="startUp()[pri:0, instance:testngexample.GoogleAppWithBeforeAfterMethod@6c284af]" started-at="2023-04-19T09:36:38Z" name="startUp" finished-at="2023-04-19T09:36:41Z" duration-ms="3520" status="PASS">
          <reporter-output>
          </reporter-output>
        </test-method> <!-- startUp -->
        <test-method signature="testSearch()[pri:0, instance:testngexample.GoogleAppWithBeforeAfterMethod@6c284af]" started-at="2023-04-19T09:36:41Z" name="testSearch" finished-at="2023-04-19T09:36:44Z" duration-ms="3295" status="PASS">
          <reporter-output>
          </reporter-output>
        </test-method> <!-- testSearch -->
        <test-method is-config="true" signature="tearDown()[pri:0, instance:testngexample.GoogleAppWithBeforeAfterMethod@6c284af]" started-at="2023-04-19T09:36:44Z" name="tearDown" finished-at="2023-04-19T09:36:45Z" duration-ms="96" status="PASS">
          <reporter-output>
          </reporter-output>
        </test-method> <!-- tearDown -->
      </class> <!-- testngexample.GoogleAppWithBeforeAfterMethod -->
    </test> <!-- Test -->
  </suite> <!-- Suite -->
</testng-results>
