<?xml version="1.0" encoding="UTF-8"?>
<!-- Generated by org.testng.reporters.JUnitXMLReporter -->
<testsuite ignored="3" hostname="DESKTOP-BQIV6DO" failures="0" tests="2" name="testing" time="0.15" errors="0" timestamp="12 Apr 2023 09:23:49 GMT">
  <testcase classname="advancedtestng.GroupExample" name="testCaseFive" time="0.049"/>
  <testcase classname="advancedtestng.GroupExample" name="testCaseThree" time="0.004"/>
  <testcase classname="advancedtestng.GroupExample" name="testCaseFour" time="0.0">
    <ignored/>
  </testcase> <!-- testCaseFour -->
  <testcase classname="advancedtestng.GroupExample" name="testCaseOne" time="0.0">
    <ignored/>
  </testcase> <!-- testCaseOne -->
  <testcase classname="advancedtestng.GroupExample" name="testCaseTwo" time="0.0">
    <ignored/>
  </testcase> <!-- testCaseTwo -->
</testsuite> <!-- testing -->
