<?xml version="1.0" encoding="UTF-8"?>
<!-- Generated by org.testng.reporters.JUnitXMLReporter -->
<testsuite ignored="0" hostname="DESKTOP-BQIV6DO" failures="0" tests="11" name="Test" time="33.736" errors="0" timestamp="19 Apr 2023 09:36:57 GMT">
  <testcase classname="testngexample.Example1" name="TC" time="0.013"/>
  <testcase classname="testngexample.FirstTestNgWebScript" name="testCase1" time="10.048"/>
  <testcase classname="testngexample.GoogleAppWithBeforeAfterMethod" name="testGoogleLandingPage" time="0.009"/>
  <testcase classname="testngexample.GoogleAppWithBeforeAfterMethod" name="testSearch" time="3.295"/>
  <testcase classname="testngexample.ActiTimeExceptionAndTimeout" name="divideByZeroExample1" time="0.0"/>
  <testcase classname="testngexample.ActiTimeExceptionAndTimeout" name="executetimeOut" time="0.008"/>
  <testcase classname="testngexample.ActiTime" name="a_openBrowserAndAppURL" time="10.801"/>
  <testcase classname="testngexample.ActiTime" name="b_login" time="0.22"/>
  <testcase classname="testngexample.ActiTime" name="c_createTask" time="0.001"/>
  <testcase classname="testngexample.ActiTime" name="d_logoutClose" time="0.001"/>
  <testcase classname="testngexample.ActiTimeTimeOut" name="openBrowserAndAppURL" time="1.804"/>
</testsuite> <!-- Test -->
