<?xml version="1.0" encoding="UTF-8"?>
<!-- Generated by org.testng.reporters.JUnitXMLReporter -->
<testsuite ignored="0" hostname="DESKTOP-BQIV6DO" failures="4" tests="14" name="RetryMultiple" time="0.306" errors="0" timestamp="12 Apr 2023 09:29:47 GMT">
  <testcase classname="runtimeretryfailedtc.Test001" name="Test1" time="0.03">
    <skipped/>
  </testcase> <!-- Test1 -->
  <testcase classname="runtimeretryfailedtc.Test001" name="Test1" time="0.003">
    <skipped/>
  </testcase> <!-- Test1 -->
  <testcase classname="runtimeretryfailedtc.Test001" name="Test1" time="0.003">
    <failure type="java.lang.AssertionError" message="expected [true] but found [false]">
      <![CDATA[java.lang.AssertionError: expected [true] but found [false]
at runtimeretryfailedtc.Test001.Test1(Test001.java:14)
... Removed 29 stack frames]]>
    </failure>
  </testcase> <!-- Test1 -->
  <testcase classname="runtimeretryfailedtc.Test001" name="Test2" time="0.008">
    <skipped/>
  </testcase> <!-- Test2 -->
  <testcase classname="runtimeretryfailedtc.Test001" name="Test2" time="0.002">
    <skipped/>
  </testcase> <!-- Test2 -->
  <testcase classname="runtimeretryfailedtc.Test001" name="Test2" time="0.013">
    <failure type="java.lang.AssertionError" message="expected [true] but found [false]">
      <![CDATA[java.lang.AssertionError: expected [true] but found [false]
at runtimeretryfailedtc.Test001.Test2(Test001.java:20)
... Removed 29 stack frames]]>
    </failure>
  </testcase> <!-- Test2 -->
  <testcase classname="runtimeretryfailedtc.Test002" name="Test1" time="0.004">
    <skipped/>
  </testcase> <!-- Test1 -->
  <testcase classname="runtimeretryfailedtc.Test002" name="Test1" time="0.009">
    <skipped/>
  </testcase> <!-- Test1 -->
  <testcase classname="runtimeretryfailedtc.Test002" name="Test1" time="0.003">
    <failure type="java.lang.AssertionError" message="expected [true] but found [false]">
      <![CDATA[java.lang.AssertionError: expected [true] but found [false]
at runtimeretryfailedtc.Test002.Test1(Test002.java:14)
... Removed 29 stack frames]]>
    </failure>
  </testcase> <!-- Test1 -->
  <testcase classname="runtimeretryfailedtc.Test002" name="Test2" time="0.004">
    <skipped/>
  </testcase> <!-- Test2 -->
  <testcase classname="runtimeretryfailedtc.Test002" name="Test2" time="0.002">
    <skipped/>
  </testcase> <!-- Test2 -->
  <testcase classname="runtimeretryfailedtc.Test002" name="Test2" time="0.002">
    <failure type="java.lang.AssertionError" message="expected [true] but found [false]">
      <![CDATA[java.lang.AssertionError: expected [true] but found [false]
at runtimeretryfailedtc.Test002.Test2(Test002.java:20)
... Removed 29 stack frames]]>
    </failure>
  </testcase> <!-- Test2 -->
  <testcase classname="runtimeretryfailedtc.Test002" name="Test3" time="0.007">
    <skipped/>
  </testcase> <!-- Test3 -->
  <testcase classname="runtimeretryfailedtc.Test002" name="Test3" time="0.003"/>
</testsuite> <!-- RetryMultiple -->
