<?xml version="1.0" encoding="UTF-8"?>
<!-- Generated by org.testng.reporters.JUnitXMLReporter -->
<testsuite ignored="2" hostname="DESKTOP-BQIV6DO" failures="0" tests="2" name="Testing Parameterization " time="8.187" errors="0" timestamp="11 Apr 2023 09:16:33 GMT">
  <testcase classname="advancedtestng.Parameterization" name="testCaseOne" time="0.023"/>
  <testcase classname="advancedtestng.Parameterization" name="testLoginOfVtiger" time="8.113"/>
  <testcase classname="advancedtestng.Parameterization" name="testCaseThree" time="0.0">
    <ignored/>
  </testcase> <!-- testCaseThree -->
  <testcase classname="advancedtestng.Parameterization" name="testCaseTwo" time="0.0">
    <ignored/>
  </testcase> <!-- testCaseTwo -->
</testsuite> <!-- Testing Parameterization  -->
